# JRE version: Java(TM) SE Runtime Environment (8.0_181-b13) (build 1.8.0_181-b13)
# Java VM: Java HotSpot(TM) 64-Bit Server VM (25.181-b13 mixed mode bsd-amd64 compressed oops)
Heap:
 PSYoungGen      total 355328K, used 8111K [0x0000000715580000, 0x000000072ee80000, 0x00000007c0000000)
  eden space 308224K, 2% used [0x0000000715580000,0x0000000715d6bc38,0x0000000728280000)
  from space 47104K, 0% used [0x000000072c080000,0x000000072c080000,0x000000072ee80000)
  to   space 55296K, 0% used [0x0000000728280000,0x0000000728280000,0x000000072b880000)
 ParOldGen       total 803328K, used 96522K [0x00000005c0000000, 0x00000005f1080000, 0x0000000715580000)
  object space 803328K, 12% used [0x00000005c0000000,0x00000005c5e42b10,0x00000005f1080000)
 Metaspace       used 111384K, capacity 120680K, committed 132336K, reserved 1161216K
  class space    used 13797K, capacity 16309K, committed 19752K, reserved 1048576K
GC Heap History (10 events):
Event: 22791.927 GC heap before
{Heap before GC invocations=43 (full 4):
 PSYoungGen      total 387584K, used 356448K [0x0000000715580000, 0x0000000731680000, 0x00000007c0000000)
  eden space 332800K, 100% used [0x0000000715580000,0x0000000729a80000,0x0000000729a80000)
  from space 54784K, 43% used [0x000000072e100000,0x000000072f818030,0x0000000731680000)
  to   space 63488K, 0% used [0x0000000729a80000,0x0000000729a80000,0x000000072d880000)
 ParOldGen       total 1010688K, used 427187K [0x00000005c0000000, 0x00000005fdb00000, 0x0000000715580000)
  object space 1010688K, 42% used [0x00000005c0000000,0x00000005da12cfd8,0x00000005fdb00000)
 Metaspace       used 116838K, capacity 130484K, committed 130728K, reserved 1161216K
  class space    used 14813K, capacity 19281K, committed 19368K, reserved 1048576K
Event: 22791.939 GC heap after
Heap after GC invocations=43 (full 4):
 PSYoungGen      total 350208K, used 23801K [0x0000000715580000, 0x0000000730c00000, 0x00000007c0000000)
  eden space 326144K, 0% used [0x0000000715580000,0x0000000715580000,0x0000000729400000)
  from space 24064K, 98% used [0x0000000729a80000,0x000000072b1be738,0x000000072b200000)
  to   space 61440K, 0% used [0x000000072d000000,0x000000072d000000,0x0000000730c00000)
 ParOldGen       total 1010688K, used 428019K [0x00000005c0000000, 0x00000005fdb00000, 0x0000000715580000)
  object space 1010688K, 42% used [0x00000005c0000000,0x00000005da1fcfd8,0x00000005fdb00000)
 Metaspace       used 116838K, capacity 130484K, committed 130728K, reserved 1161216K
  class space    used 14813K, capacity 19281K, committed 19368K, reserved 1048576K
}
Event: 23689.616 GC heap before
{Heap before GC invocations=44 (full 4):
 PSYoungGen      total 350208K, used 349945K [0x0000000715580000, 0x0000000730c00000, 0x00000007c0000000)
  eden space 326144K, 100% used [0x0000000715580000,0x0000000729400000,0x0000000729400000)
  from space 24064K, 98% used [0x0000000729a80000,0x000000072b1be738,0x000000072b200000)
  to   space 61440K, 0% used [0x000000072d000000,0x000000072d000000,0x0000000730c00000)
 ParOldGen       total 1010688K, used 428019K [0x00000005c0000000, 0x00000005fdb00000, 0x0000000715580000)
  object space 1010688K, 42% used [0x00000005c0000000,0x00000005da1fcfd8,0x00000005fdb00000)
 Metaspace       used 117304K, capacity 131384K, committed 131624K, reserved 1161216K
  class space    used 14882K, capacity 19491K, committed 19496K, reserved 1048576K
Event: 23689.627 GC heap after
Heap after GC invocations=44 (full 4):
 PSYoungGen      total 371200K, used 23869K [0x0000000715580000, 0x0000000730200000, 0x00000007c0000000)
  eden space 320000K, 0% used [0x0000000715580000,0x0000000715580000,0x0000000728e00000)
  from space 51200K, 46% used [0x000000072d000000,0x000000072e74f4a0,0x0000000730200000)
  to   space 59392K, 0% used [0x0000000728e00000,0x0000000728e00000,0x000000072c800000)
 ParOldGen       total 1010688K, used 428852K [0x00000005c0000000, 0x00000005fdb00000, 0x0000000715580000)
  object space 1010688K, 42% used [0x00000005c0000000,0x00000005da2cd370,0x00000005fdb00000)
 Metaspace       used 117304K, capacity 131384K, committed 131624K, reserved 1161216K
  class space    used 14882K, capacity 19491K, committed 19496K, reserved 1048576K
}
Event: 24106.966 GC heap before
{Heap before GC invocations=45 (full 4):
 PSYoungGen      total 371200K, used 343869K [0x0000000715580000, 0x0000000730200000, 0x00000007c0000000)
  eden space 320000K, 100% used [0x0000000715580000,0x0000000728e00000,0x0000000728e00000)
  from space 51200K, 46% used [0x000000072d000000,0x000000072e74f4a0,0x0000000730200000)
  to   space 59392K, 0% used [0x0000000728e00000,0x0000000728e00000,0x000000072c800000)
 ParOldGen       total 1010688K, used 428852K [0x00000005c0000000, 0x00000005fdb00000, 0x0000000715580000)
  object space 1010688K, 42% used [0x00000005c0000000,0x00000005da2cd370,0x00000005fdb00000)
 Metaspace       used 117715K, capacity 131930K, committed 132136K, reserved 1161216K
  class space    used 14948K, capacity 19652K, committed 19752K, reserved 1048576K
Event: 24106.974 GC heap after
Heap after GC invocations=45 (full 4):
 PSYoungGen      total 336896K, used 22912K [0x0000000715580000, 0x000000072f900000, 0x00000007c0000000)
  eden space 313856K, 0% used [0x0000000715580000,0x0000000715580000,0x0000000728800000)
  from space 23040K, 99% used [0x0000000728e00000,0x000000072a460020,0x000000072a480000)
  to   space 57856K, 0% used [0x000000072c080000,0x000000072c080000,0x000000072f900000)
 ParOldGen       total 1010688K, used 429470K [0x00000005c0000000, 0x00000005fdb00000, 0x0000000715580000)
  object space 1010688K, 42% used [0x00000005c0000000,0x00000005da367a98,0x00000005fdb00000)
 Metaspace       used 117715K, capacity 131930K, committed 132136K, reserved 1161216K
  class space    used 14948K, capacity 19652K, committed 19752K, reserved 1048576K
}
Event: 24209.817 GC heap before
{Heap before GC invocations=46 (full 4):
 PSYoungGen      total 336896K, used 172229K [0x0000000715580000, 0x000000072f900000, 0x00000007c0000000)
  eden space 313856K, 47% used [0x0000000715580000,0x000000071e751770,0x0000000728800000)
  from space 23040K, 99% used [0x0000000728e00000,0x000000072a460020,0x000000072a480000)
  to   space 57856K, 0% used [0x000000072c080000,0x000000072c080000,0x000000072f900000)
 ParOldGen       total 1010688K, used 429470K [0x00000005c0000000, 0x00000005fdb00000, 0x0000000715580000)
  object space 1010688K, 42% used [0x00000005c0000000,0x00000005da367a98,0x00000005fdb00000)
 Metaspace       used 117976K, capacity 132282K, committed 132336K, reserved 1161216K
  class space    used 14992K, capacity 19741K, committed 19752K, reserved 1048576K
Event: 24209.825 GC heap after
Heap after GC invocations=46 (full 4):
 PSYoungGen      total 355328K, used 24144K [0x0000000715580000, 0x000000072ee80000, 0x00000007c0000000)
  eden space 308224K, 0% used [0x0000000715580000,0x0000000715580000,0x0000000728280000)
  from space 47104K, 51% used [0x000000072c080000,0x000000072d814040,0x000000072ee80000)
  to   space 55296K, 0% used [0x0000000728280000,0x0000000728280000,0x000000072b880000)
 ParOldGen       total 1010688K, used 429977K [0x00000005c0000000, 0x00000005fdb00000, 0x0000000715580000)
  object space 1010688K, 42% used [0x00000005c0000000,0x00000005da3e67f8,0x00000005fdb00000)
 Metaspace       used 117976K, capacity 132282K, committed 132336K, reserved 1161216K
  class space    used 14992K, capacity 19741K, committed 19752K, reserved 1048576K
}
Event: 24209.826 GC heap before
{Heap before GC invocations=47 (full 5):
 PSYoungGen      total 355328K, used 24144K [0x0000000715580000, 0x000000072ee80000, 0x00000007c0000000)
  eden space 308224K, 0% used [0x0000000715580000,0x0000000715580000,0x0000000728280000)
  from space 47104K, 51% used [0x000000072c080000,0x000000072d814040,0x000000072ee80000)
  to   space 55296K, 0% used [0x0000000728280000,0x0000000728280000,0x000000072b880000)
 ParOldGen       total 1010688K, used 429977K [0x00000005c0000000, 0x00000005fdb00000, 0x0000000715580000)
  object space 1010688K, 42% used [0x00000005c0000000,0x00000005da3e67f8,0x00000005fdb00000)
 Metaspace       used 117976K, capacity 132282K, committed 132336K, reserved 1161216K
  class space    used 14992K, capacity 19741K, committed 19752K, reserved 1048576K
Event: 24210.208 GC heap after
Heap after GC invocations=47 (full 5):
 PSYoungGen      total 355328K, used 0K [0x0000000715580000, 0x000000072ee80000, 0x00000007c0000000)
  eden space 308224K, 0% used [0x0000000715580000,0x0000000715580000,0x0000000728280000)
  from space 47104K, 0% used [0x000000072c080000,0x000000072c080000,0x000000072ee80000)
  to   space 55296K, 0% used [0x0000000728280000,0x0000000728280000,0x000000072b880000)
 ParOldGen       total 803328K, used 96522K [0x00000005c0000000, 0x00000005f1080000, 0x0000000715580000)
  object space 803328K, 12% used [0x00000005c0000000,0x00000005c5e42b10,0x00000005f1080000)
 Metaspace       used 111337K, capacity 120582K, committed 132336K, reserved 1161216K
  class space    used 13789K, capacity 16275K, committed 19752K, reserved 1048576K
}

